  main.cpp
c:\users\mozdo\desktop\opengl\main.cpp(15): warning C4305: инициализация: усечение из "double" в "float"
c:\users\mozdo\desktop\opengl\main.cpp(16): warning C4305: инициализация: усечение из "double" в "float"
c:\users\mozdo\desktop\opengl\main.cpp(17): warning C4305: инициализация: усечение из "double" в "float"
c:\users\mozdo\desktop\opengl\main.cpp(91): warning C4838: преобразование из "double" в "float" требует сужающего преобразования
c:\users\mozdo\desktop\opengl\main.cpp(91): warning C4244: инициализация: преобразование "double" в "float", возможна потеря данных
c:\users\mozdo\desktop\opengl\main.cpp(92): warning C4244: =: преобразование "double" в "float", возможна потеря данных
c:\users\mozdo\desktop\opengl\main.cpp(98): warning C4244: аргумент: преобразование "double" в "GLfloat", возможна потеря данных
c:\users\mozdo\desktop\opengl\main.cpp(99): warning C4244: аргумент: преобразование "double" в "GLfloat", возможна потеря данных
c:\users\mozdo\desktop\opengl\main.cpp(100): warning C4305: =: усечение из "double" в "float"
c:\users\mozdo\desktop\opengl\main.cpp(104): warning C4305: +=: усечение из "double" в "float"
c:\users\mozdo\desktop\opengl\main.cpp(108): warning C4244: аргумент: преобразование "double" в "GLfloat", возможна потеря данных
c:\users\mozdo\desktop\opengl\main.cpp(109): warning C4244: аргумент: преобразование "double" в "GLfloat", возможна потеря данных
c:\users\mozdo\desktop\opengl\main.cpp(130): warning C4305: аргумент: усечение из "double" в "GLfloat"
c:\users\mozdo\desktop\opengl\main.cpp(131): warning C4305: аргумент: усечение из "double" в "GLfloat"
c:\users\mozdo\desktop\opengl\main.cpp(142): warning C4305: аргумент: усечение из "double" в "GLfloat"
c:\users\mozdo\desktop\opengl\main.cpp(144): warning C4305: аргумент: усечение из "double" в "GLfloat"
c:\users\mozdo\desktop\opengl\main.cpp(145): warning C4305: аргумент: усечение из "double" в "GLfloat"
c:\users\mozdo\desktop\opengl\main.cpp(159): warning C4305: аргумент: усечение из "double" в "GLfloat"
c:\users\mozdo\desktop\opengl\main.cpp(161): warning C4305: аргумент: усечение из "double" в "GLfloat"
c:\users\mozdo\desktop\opengl\main.cpp(162): warning C4305: аргумент: усечение из "double" в "GLfloat"
c:\users\mozdo\desktop\opengl\main.cpp(176): warning C4305: аргумент: усечение из "double" в "GLfloat"
c:\users\mozdo\desktop\opengl\main.cpp(178): warning C4305: аргумент: усечение из "double" в "GLfloat"
c:\users\mozdo\desktop\opengl\main.cpp(179): warning C4305: аргумент: усечение из "double" в "GLfloat"
c:\users\mozdo\desktop\opengl\main.cpp(193): warning C4305: аргумент: усечение из "double" в "GLfloat"
c:\users\mozdo\desktop\opengl\main.cpp(196): warning C4244: аргумент: преобразование "double" в "GLfloat", возможна потеря данных
c:\users\mozdo\desktop\opengl\main.cpp(197): warning C4244: аргумент: преобразование "double" в "GLfloat", возможна потеря данных
c:\users\mozdo\desktop\opengl\main.cpp(203): warning C4305: аргумент: усечение из "double" в "GLfloat"
c:\users\mozdo\desktop\opengl\main.cpp(204): warning C4305: аргумент: усечение из "double" в "GLfloat"
c:\users\mozdo\desktop\opengl\main.cpp(205): warning C4305: аргумент: усечение из "double" в "GLfloat"
c:\users\mozdo\desktop\opengl\main.cpp(206): warning C4305: аргумент: усечение из "double" в "GLfloat"
c:\users\mozdo\desktop\opengl\main.cpp(208): warning C4305: аргумент: усечение из "double" в "GLfloat"
c:\users\mozdo\desktop\opengl\main.cpp(209): warning C4305: аргумент: усечение из "double" в "GLfloat"
c:\users\mozdo\desktop\opengl\main.cpp(215): warning C4305: аргумент: усечение из "double" в "GLfloat"
c:\users\mozdo\desktop\opengl\main.cpp(216): warning C4305: аргумент: усечение из "double" в "GLfloat"
c:\users\mozdo\desktop\opengl\main.cpp(223): warning C4305: аргумент: усечение из "double" в "GLfloat"
c:\users\mozdo\desktop\opengl\main.cpp(224): warning C4305: аргумент: усечение из "double" в "GLfloat"
c:\users\mozdo\desktop\opengl\main.cpp(228): warning C4305: аргумент: усечение из "double" в "GLfloat"
c:\users\mozdo\desktop\opengl\main.cpp(229): warning C4305: аргумент: усечение из "double" в "GLfloat"
c:\users\mozdo\desktop\opengl\main.cpp(236): warning C4305: аргумент: усечение из "double" в "GLfloat"
c:\users\mozdo\desktop\opengl\main.cpp(237): warning C4305: аргумент: усечение из "double" в "GLfloat"
c:\users\mozdo\desktop\opengl\main.cpp(240): warning C4305: аргумент: усечение из "double" в "GLfloat"
c:\users\mozdo\desktop\opengl\main.cpp(244): warning C4305: аргумент: усечение из "double" в "GLfloat"
c:\users\mozdo\desktop\opengl\main.cpp(248): warning C4305: аргумент: усечение из "double" в "GLfloat"
c:\users\mozdo\desktop\opengl\main.cpp(252): warning C4305: аргумент: усечение из "double" в "GLfloat"
c:\users\mozdo\desktop\opengl\main.cpp(258): warning C4305: аргумент: усечение из "double" в "GLfloat"
c:\users\mozdo\desktop\opengl\main.cpp(261): warning C4305: аргумент: усечение из "double" в "GLfloat"
c:\users\mozdo\desktop\opengl\main.cpp(263): warning C4244: аргумент: преобразование "double" в "GLfloat", возможна потеря данных
c:\users\mozdo\desktop\opengl\main.cpp(264): warning C4244: аргумент: преобразование "double" в "GLfloat", возможна потеря данных
  OpenGL.vcxproj -> C:\Users\mozdo\Desktop\OpenGL\Debug\OpenGL.exe
