  main.cpp
c:\program files (x86)\windows kits\10\include\10.0.17134.0\um\gl\obj_loader.h(652): warning C4018: <: несоответствие типов со знаком и без знака
c:\program files (x86)\windows kits\10\include\10.0.17134.0\um\gl\obj_loader.h(689): warning C4018: <: несоответствие типов со знаком и без знака
c:\program files (x86)\windows kits\10\include\10.0.17134.0\um\gl\obj_loader.h(695): warning C4018: <: несоответствие типов со знаком и без знака
c:\program files (x86)\windows kits\10\include\10.0.17134.0\um\gl\obj_loader.h(949): warning C4244: инициализация: преобразование "double" в "float", возможна потеря данных
c:\users\mozdo\desktop\task12.1\main.cpp(75): warning C4305: аргумент: усечение из "double" в "GLclampf"
c:\users\mozdo\desktop\task12.1\main.cpp(200): warning C4018: <: несоответствие типов со знаком и без знака
c:\users\mozdo\desktop\task12.1\main.cpp(326): warning C4244: =: преобразование "double" в "float", возможна потеря данных
c:\users\mozdo\desktop\task12.1\main.cpp(327): warning C4244: =: преобразование "double" в "float", возможна потеря данных
c:\users\mozdo\desktop\task12.1\main.cpp(332): warning C4244: =: преобразование "double" в "float", возможна потеря данных
c:\users\mozdo\desktop\task12.1\main.cpp(333): warning C4244: =: преобразование "double" в "float", возможна потеря данных
c:\users\mozdo\desktop\task12.1\main.cpp(338): warning C4244: =: преобразование "double" в "float", возможна потеря данных
c:\users\mozdo\desktop\task12.1\main.cpp(339): warning C4244: =: преобразование "double" в "float", возможна потеря данных
c:\users\mozdo\desktop\task12.1\main.cpp(344): warning C4244: =: преобразование "double" в "float", возможна потеря данных
c:\users\mozdo\desktop\task12.1\main.cpp(345): warning C4244: =: преобразование "double" в "float", возможна потеря данных
c:\users\mozdo\desktop\task12.1\main.cpp(350): warning C4244: =: преобразование "double" в "float", возможна потеря данных
c:\users\mozdo\desktop\task12.1\main.cpp(351): warning C4244: =: преобразование "double" в "float", возможна потеря данных
c:\users\mozdo\desktop\task12.1\main.cpp(356): warning C4244: =: преобразование "double" в "float", возможна потеря данных
c:\users\mozdo\desktop\task12.1\main.cpp(357): warning C4244: =: преобразование "double" в "float", возможна потеря данных
c:\users\mozdo\desktop\task12.1\main.cpp(362): warning C4305: =: усечение из "double" в "float"
c:\users\mozdo\desktop\task12.1\main.cpp(363): warning C4305: =: усечение из "double" в "float"
c:\users\mozdo\desktop\task12.1\main.cpp(364): warning C4305: =: усечение из "double" в "float"
c:\users\mozdo\desktop\task12.1\main.cpp(367): warning C4305: =: усечение из "double" в "float"
c:\users\mozdo\desktop\task12.1\main.cpp(368): warning C4305: =: усечение из "double" в "float"
c:\users\mozdo\desktop\task12.1\main.cpp(369): warning C4305: =: усечение из "double" в "float"
LINK : warning LNK4098: библиотека по умолчанию "MSVCRT" противоречит использованию других библиотек; используйте параметр /NODEFAULTLIB:library
  OpenGL.vcxproj -> C:\Users\mozdo\Desktop\Task12.1\Debug\OpenGL.exe
